sample-app/build/outputs/logs/manifest-merger-free-debug-report.txt
-- Merging decision tree log ---
manifest
ADDED from src/main/AndroidManifest.xml:3:1-22:12
	package
		ADDED from src/main/AndroidManifest.xml:4:5-45
		INJECTED from src/main/AndroidManifest.xml
		INJECTED from src/main/AndroidManifest.xml
	android:versionName
		INJECTED from src/main/AndroidManifest.xml
		INJECTED from src/main/AndroidManifest.xml
	xmlns:android
		ADDED from src/main/AndroidManifest.xml:3:11-69
	android:versionCode
		INJECTED from src/main/AndroidManifest.xml
		INJECTED from src/main/AndroidManifest.xml
application
ADDED from src/main/AndroidManifest.xml:7:3-21:17
MERGED from [com.android.support:appcompat-v7:23.0.1] AndroidManifest.xml:22:5-20
MERGED from [com.android.support:support-v4:23.0.1] AndroidManifest.xml:22:5-20
	android:label
		ADDED from src/main/AndroidManifest.xml:11:7-39
	android:fullBackupContent
		ADDED from src/main/AndroidManifest.xml:8:7-40
	android:allowBackup
		ADDED from src/main/AndroidManifest.xml:9:7-34
	android:icon
		ADDED from src/main/AndroidManifest.xml:10:7-41
	android:theme
		ADDED from src/main/AndroidManifest.xml:12:7-43
activity#com.dicedmelon.example.android.MainActivity
ADDED from src/main/AndroidManifest.xml:14:5-19:16
	android:name
		ADDED from src/main/AndroidManifest.xml:14:15-43
intent-filter#android.intent.action.MAIN+android.intent.category.LAUNCHER
ADDED from src/main/AndroidManifest.xml:15:7-18:23
action#android.intent.action.MAIN
ADDED from src/main/AndroidManifest.xml:16:9-60
	android:name
		ADDED from src/main/AndroidManifest.xml:16:17-58
category#android.intent.category.LAUNCHER
ADDED from src/main/AndroidManifest.xml:17:9-68
	android:name
		ADDED from src/main/AndroidManifest.xml:17:19-66
uses-sdk
INJECTED from src/main/AndroidManifest.xml reason: use-sdk injection requested
MERGED from [com.android.support:appcompat-v7:23.0.1] AndroidManifest.xml:20:5-43
MERGED from [com.android.databinding:adapters:1.3.1] AndroidManifest.xml:22:5-24:41
MERGED from [com.android.databinding:library:1.3.1] AndroidManifest.xml:22:5-24:41
MERGED from [com.android.support:support-v4:23.0.1] AndroidManifest.xml:20:5-43
	android:targetSdkVersion
		INJECTED from src/main/AndroidManifest.xml
		INJECTED from src/main/AndroidManifest.xml
	android:minSdkVersion
		INJECTED from src/main/AndroidManifest.xml
		INJECTED from src/main/AndroidManifest.xml